<?xml version="1.0" encoding="UTF-8"?>
<testsuite name="As aproduct owner" tests="1" skipped="0" failures="0" errors="0" timestamp="2021-04-25T01:33:13" hostname="DESKTOP-5VJR672" time="6.273">
  <properties/>
  <testcase name="Delete user" classname="As aproduct owner" time="6.273"/>
  <system-out><![CDATA[Request method:	DELETE
Request URI:	https://petstore.swagger.io/v2/user/jagar
Proxy:			<none>
Request params:	<none>
Query params:	<none>
Form params:	<none>
Path params:	<none>
Headers:		Accept=*/*
				Content-Type=application/json; charset=UTF-8
Cookies:		<none>
Multiparts:		<none>
Body:			<none>
]]></system-out>
  <system-err><![CDATA[[Test worker] INFO net.thucydides.core.steps.ConsoleLoggingListener - 
        __    _____ _____ ____ _____   ____   _    ____  ____  _____ ____  
  _     \ \  |_   _| ____/ ___|_   _| |  _ \ / \  / ___|/ ___|| ____|  _ \ 
 (_)_____| |   | | |  _| \___ \ | |   | |_) / _ \ \___ \\___ \|  _| | | | |
  _|_____| |   | | | |___ ___) || |   |  __/ ___ \ ___) |___) | |___| |_| |
 (_)     | |   |_| |_____|____/ |_|   |_| /_/   \_\____/|____/|_____|____/ 
        /_/                                                                

TEST PASSED: Delete user
----------------------------------------------------------------------------
]]></system-err>
</testsuite>
